<?xml version="1.0" encoding="UTF-8"?>
<!-- Generated by org.testng.reporters.JUnitReportReporter -->
<testsuite hostname="DESKTOP-QI6H2EA" failures="0" tests="4" name="com.restassured.PUT_PATCH_DELETE_Examples" time="270.326" errors="0" timestamp="2024-02-07T13:56:06 IST" skipped="0">
  <testcase classname="com.restassured.PUT_PATCH_DELETE_Examples" name="deleteMethod" time="74.357"/>
  <testcase classname="com.restassured.PUT_PATCH_DELETE_Examples" name="putMethod" time="65.442"/>
  <testcase classname="com.restassured.PUT_PATCH_DELETE_Examples" name="putMethod1" time="64.955"/>
  <testcase classname="com.restassured.PUT_PATCH_DELETE_Examples" name="patchMethod" time="65.572"/>
</testsuite> <!-- com.restassured.PUT_PATCH_DELETE_Examples -->
