<?xml version="1.0" encoding="UTF-8"?>
<!-- Generated by org.testng.reporters.JUnitReportReporter -->
<testsuite hostname="DESKTOP-QI6H2EA" failures="0" tests="1" name="com.restassured.XmlSchemaValidation" time="7.118" errors="0" timestamp="2024-02-12T11:25:09 IST" skipped="0">
  <testcase classname="com.restassured.XmlSchemaValidation" name="schemaValidation" time="7.118"/>
</testsuite> <!-- com.restassured.XmlSchemaValidation -->
