<?xml version="1.0" encoding="UTF-8"?>
<!-- Generated by org.testng.reporters.JUnitReportReporter -->
<testsuite hostname="DESKTOP-QI6H2EA" failures="0" tests="4" name="com.restassured.TestOnLocalApi" time="2.819" errors="0" timestamp="2024-02-11T11:12:26 IST" skipped="0">
  <testcase classname="com.restassured.TestOnLocalApi" name="getMethod" time="2.575"/>
  <testcase classname="com.restassured.TestOnLocalApi" name="putMethod" time="0.049"/>
  <testcase classname="com.restassured.TestOnLocalApi" name="patchMethod" time="0.128"/>
  <testcase classname="com.restassured.TestOnLocalApi" name="postMethod" time="0.067"/>
</testsuite> <!-- com.restassured.TestOnLocalApi -->
