<?xml version="1.0" encoding="UTF-8"?>
<!-- Generated by org.testng.reporters.JUnitReportReporter -->
<testsuite hostname="DESKTOP-QI6H2EA" failures="0" tests="2" name="com.restassured.GET_POST_Examples" time="139.963" errors="0" timestamp="2024-02-07T13:18:25 IST" skipped="0">
  <testcase classname="com.restassured.GET_POST_Examples" name="testGet" time="67.255"/>
  <testcase classname="com.restassured.GET_POST_Examples" name="postMethod" time="72.708"/>
</testsuite> <!-- com.restassured.GET_POST_Examples -->
