<?xml version="1.0" encoding="UTF-8"?>
<!-- Generated by org.testng.reporters.JUnitReportReporter -->
<testsuite hostname="DESKTOP-QI6H2EA" failures="0" tests="2" name="com.restassured.First_Test_RestAssured" time="6.315" errors="0" timestamp="2024-02-12T10:13:22 IST" skipped="0">
  <testcase classname="com.restassured.First_Test_RestAssured" name="myMethod" time="0.318"/>
  <testcase classname="com.restassured.First_Test_RestAssured" name="exampleMethod" time="5.997"/>
</testsuite> <!-- com.restassured.First_Test_RestAssured -->
